
=== Fri Nov  2 20:07:51 2018

Packages were changed.
Update Mode: updateDependencies

The following packages were added:
  com.unity.collab-proxy@1.2.9
  com.unity.xr.legacyinputhelpers@1.0.0
The following packages were updated:
  com.unity.package-manager-ui from version 1.9.11 to 2.1.0-preview.1

=== Mon Jun 26 23:38:56 2023

Packages were changed.
Update Mode: updateDependencies

The following packages were added:
  com.unity.ide.visualstudio@2.0.18
  com.unity.ai.navigation@1.1.3
The following packages were updated:
  com.unity.collab-proxy from version 1.2.16 to 2.0.5
  com.unity.collections from version 0.0.9-preview.20 to 1.2.4
  com.unity.ide.vscode from version 1.1.3 to 1.2.5
  com.unity.mathematics from version 1.1.0 to 1.2.6
  nuget.mono-cecil from version 0.1.6-preview to 1.0.0
